Performing C SOURCE FILE Test CMAKE_HAVE_LIBC_PTHREAD failed with the following output:
Change Dir: /home/fedor/Future/VK/Углубленный C_C++/Homework_1/build/CMakeFiles/CMakeTmp

Run Build Command(s):/usr/bin/make cmTC_b7b62/fast && /usr/bin/make -f CMakeFiles/cmTC_b7b62.dir/build.make CMakeFiles/cmTC_b7b62.dir/build
make[1]: Entering directory '/home/fedor/Future/VK/Углубленный C_C++/Homework_1/build/CMakeFiles/CMakeTmp'
Building C object CMakeFiles/cmTC_b7b62.dir/src.c.o
/usr/bin/cc   -DCMAKE_HAVE_LIBC_PTHREAD   -o CMakeFiles/cmTC_b7b62.dir/src.c.o   -c "/home/fedor/Future/VK/Углубленный C_C++/Homework_1/build/CMakeFiles/CMakeTmp/src.c"
Linking C executable cmTC_b7b62
/usr/bin/cmake -E cmake_link_script CMakeFiles/cmTC_b7b62.dir/link.txt --verbose=1
/usr/bin/cc  -DCMAKE_HAVE_LIBC_PTHREAD   -coverage -lgcov -coverage -lgcov  CMakeFiles/cmTC_b7b62.dir/src.c.o  -o cmTC_b7b62 
/usr/bin/ld: CMakeFiles/cmTC_b7b62.dir/src.c.o: in function `main':
src.c:(.text+0x46): undefined reference to `pthread_create'
/usr/bin/ld: src.c:(.text+0x52): undefined reference to `pthread_detach'
/usr/bin/ld: src.c:(.text+0x63): undefined reference to `pthread_join'
collect2: error: ld returned 1 exit status
make[1]: *** [CMakeFiles/cmTC_b7b62.dir/build.make:87: cmTC_b7b62] Error 1
make[1]: Leaving directory '/home/fedor/Future/VK/Углубленный C_C++/Homework_1/build/CMakeFiles/CMakeTmp'
make: *** [Makefile:121: cmTC_b7b62/fast] Error 2


Source file was:
#include <pthread.h>

void* test_func(void* data)
{
  return data;
}

int main(void)
{
  pthread_t thread;
  pthread_create(&thread, NULL, test_func, NULL);
  pthread_detach(thread);
  pthread_join(thread, NULL);
  pthread_atfork(NULL, NULL, NULL);
  pthread_exit(NULL);

  return 0;
}

Determining if the function pthread_create exists in the pthreads failed with the following output:
Change Dir: /home/fedor/Future/VK/Углубленный C_C++/Homework_1/build/CMakeFiles/CMakeTmp

Run Build Command(s):/usr/bin/make cmTC_eb407/fast && /usr/bin/make -f CMakeFiles/cmTC_eb407.dir/build.make CMakeFiles/cmTC_eb407.dir/build
make[1]: Entering directory '/home/fedor/Future/VK/Углубленный C_C++/Homework_1/build/CMakeFiles/CMakeTmp'
Building C object CMakeFiles/cmTC_eb407.dir/CheckFunctionExists.c.o
/usr/bin/cc   -DCHECK_FUNCTION_EXISTS=pthread_create   -o CMakeFiles/cmTC_eb407.dir/CheckFunctionExists.c.o   -c /usr/share/cmake-3.16/Modules/CheckFunctionExists.c
Linking C executable cmTC_eb407
/usr/bin/cmake -E cmake_link_script CMakeFiles/cmTC_eb407.dir/link.txt --verbose=1
/usr/bin/cc  -DCHECK_FUNCTION_EXISTS=pthread_create   -coverage -lgcov -coverage -lgcov  CMakeFiles/cmTC_eb407.dir/CheckFunctionExists.c.o  -o cmTC_eb407  -lpthreads 
/usr/bin/ld: cannot find -lpthreads
collect2: error: ld returned 1 exit status
make[1]: *** [CMakeFiles/cmTC_eb407.dir/build.make:87: cmTC_eb407] Error 1
make[1]: Leaving directory '/home/fedor/Future/VK/Углубленный C_C++/Homework_1/build/CMakeFiles/CMakeTmp'
make: *** [Makefile:121: cmTC_eb407/fast] Error 2



